Start testing: Oct 05 12:51 KST
----------------------------------------------------------
1/11 Testing: FileInitTest.HandlesInitialization
1/11 Test: FileInitTest.HandlesInitialization
Command: "/home/seungyeon/CONCURRENT_PROGRAMING/2022_ite4065_2019082851/project2/db_project/build/bin/db_test" "--gtest_filter=FileInitTest.HandlesInitialization" "--gtest_also_run_disabled_tests"
Directory: /home/seungyeon/CONCURRENT_PROGRAMING/2022_ite4065_2019082851/project2/db_project/build/test
"FileInitTest.HandlesInitialization" start time: Oct 05 12:51 KST
Output:
----------------------------------------------------------
Running main() from /home/seungyeon/CONCURRENT_PROGRAMING/2022_ite4065_2019082851/project2/db_project/build/_deps/googletest-src/googletest/src/gtest_main.cc
Note: Google Test filter = FileInitTest.HandlesInitialization
[==========] Running 1 test from 1 test suite.
[----------] Global test environment set-up.
[----------] 1 test from FileInitTest
[ RUN      ] FileInitTest.HandlesInitialization
[       OK ] FileInitTest.HandlesInitialization (0 ms)
[----------] 1 test from FileInitTest (0 ms total)

[----------] Global test environment tear-down
[==========] 1 test from 1 test suite ran. (0 ms total)
[  PASSED  ] 1 test.
<end of output>
Test time =   0.00 sec
----------------------------------------------------------
Test Passed.
"FileInitTest.HandlesInitialization" end time: Oct 05 12:51 KST
"FileInitTest.HandlesInitialization" time elapsed: 00:00:00
----------------------------------------------------------

2/11 Testing: FileTest.HandlesPageAllocation
2/11 Test: FileTest.HandlesPageAllocation
Command: "/home/seungyeon/CONCURRENT_PROGRAMING/2022_ite4065_2019082851/project2/db_project/build/bin/db_test" "--gtest_filter=FileTest.HandlesPageAllocation" "--gtest_also_run_disabled_tests"
Directory: /home/seungyeon/CONCURRENT_PROGRAMING/2022_ite4065_2019082851/project2/db_project/build/test
"FileTest.HandlesPageAllocation" start time: Oct 05 12:51 KST
Output:
----------------------------------------------------------
Running main() from /home/seungyeon/CONCURRENT_PROGRAMING/2022_ite4065_2019082851/project2/db_project/build/_deps/googletest-src/googletest/src/gtest_main.cc
Note: Google Test filter = FileTest.HandlesPageAllocation
[==========] Running 1 test from 1 test suite.
[----------] Global test environment set-up.
[----------] 1 test from FileTest
[ RUN      ] FileTest.HandlesPageAllocation
[       OK ] FileTest.HandlesPageAllocation (0 ms)
[----------] 1 test from FileTest (0 ms total)

[----------] Global test environment tear-down
[==========] 1 test from 1 test suite ran. (0 ms total)
[  PASSED  ] 1 test.
<end of output>
Test time =   0.00 sec
----------------------------------------------------------
Test Passed.
"FileTest.HandlesPageAllocation" end time: Oct 05 12:51 KST
"FileTest.HandlesPageAllocation" time elapsed: 00:00:00
----------------------------------------------------------

3/11 Testing: FileTest.CheckReadWriteOperation
3/11 Test: FileTest.CheckReadWriteOperation
Command: "/home/seungyeon/CONCURRENT_PROGRAMING/2022_ite4065_2019082851/project2/db_project/build/bin/db_test" "--gtest_filter=FileTest.CheckReadWriteOperation" "--gtest_also_run_disabled_tests"
Directory: /home/seungyeon/CONCURRENT_PROGRAMING/2022_ite4065_2019082851/project2/db_project/build/test
"FileTest.CheckReadWriteOperation" start time: Oct 05 12:51 KST
Output:
----------------------------------------------------------
Running main() from /home/seungyeon/CONCURRENT_PROGRAMING/2022_ite4065_2019082851/project2/db_project/build/_deps/googletest-src/googletest/src/gtest_main.cc
Note: Google Test filter = FileTest.CheckReadWriteOperation
[==========] Running 1 test from 1 test suite.
[----------] Global test environment set-up.
[----------] 1 test from FileTest
[ RUN      ] FileTest.CheckReadWriteOperation
[       OK ] FileTest.CheckReadWriteOperation (0 ms)
[----------] 1 test from FileTest (0 ms total)

[----------] Global test environment tear-down
[==========] 1 test from 1 test suite ran. (0 ms total)
[  PASSED  ] 1 test.
<end of output>
Test time =   0.01 sec
----------------------------------------------------------
Test Passed.
"FileTest.CheckReadWriteOperation" end time: Oct 05 12:51 KST
"FileTest.CheckReadWriteOperation" time elapsed: 00:00:00
----------------------------------------------------------

4/11 Testing: FactorialTest.HandlesZeroInput
4/11 Test: FactorialTest.HandlesZeroInput
Command: "/home/seungyeon/CONCURRENT_PROGRAMING/2022_ite4065_2019082851/project2/db_project/build/bin/db_test" "--gtest_filter=FactorialTest.HandlesZeroInput" "--gtest_also_run_disabled_tests"
Directory: /home/seungyeon/CONCURRENT_PROGRAMING/2022_ite4065_2019082851/project2/db_project/build/test
"FactorialTest.HandlesZeroInput" start time: Oct 05 12:51 KST
Output:
----------------------------------------------------------
Running main() from /home/seungyeon/CONCURRENT_PROGRAMING/2022_ite4065_2019082851/project2/db_project/build/_deps/googletest-src/googletest/src/gtest_main.cc
Note: Google Test filter = FactorialTest.HandlesZeroInput
[==========] Running 1 test from 1 test suite.
[----------] Global test environment set-up.
[----------] 1 test from FactorialTest
[ RUN      ] FactorialTest.HandlesZeroInput
[       OK ] FactorialTest.HandlesZeroInput (0 ms)
[----------] 1 test from FactorialTest (0 ms total)

[----------] Global test environment tear-down
[==========] 1 test from 1 test suite ran. (1 ms total)
[  PASSED  ] 1 test.
<end of output>
Test time =   0.01 sec
----------------------------------------------------------
Test Passed.
"FactorialTest.HandlesZeroInput" end time: Oct 05 12:51 KST
"FactorialTest.HandlesZeroInput" time elapsed: 00:00:00
----------------------------------------------------------

5/11 Testing: FactorialTest.HandlesPositiveInput
5/11 Test: FactorialTest.HandlesPositiveInput
Command: "/home/seungyeon/CONCURRENT_PROGRAMING/2022_ite4065_2019082851/project2/db_project/build/bin/db_test" "--gtest_filter=FactorialTest.HandlesPositiveInput" "--gtest_also_run_disabled_tests"
Directory: /home/seungyeon/CONCURRENT_PROGRAMING/2022_ite4065_2019082851/project2/db_project/build/test
"FactorialTest.HandlesPositiveInput" start time: Oct 05 12:51 KST
Output:
----------------------------------------------------------
Running main() from /home/seungyeon/CONCURRENT_PROGRAMING/2022_ite4065_2019082851/project2/db_project/build/_deps/googletest-src/googletest/src/gtest_main.cc
Note: Google Test filter = FactorialTest.HandlesPositiveInput
[==========] Running 1 test from 1 test suite.
[----------] Global test environment set-up.
[----------] 1 test from FactorialTest
[ RUN      ] FactorialTest.HandlesPositiveInput
[       OK ] FactorialTest.HandlesPositiveInput (0 ms)
[----------] 1 test from FactorialTest (0 ms total)

[----------] Global test environment tear-down
[==========] 1 test from 1 test suite ran. (0 ms total)
[  PASSED  ] 1 test.
<end of output>
Test time =   0.00 sec
----------------------------------------------------------
Test Passed.
"FactorialTest.HandlesPositiveInput" end time: Oct 05 12:51 KST
"FactorialTest.HandlesPositiveInput" time elapsed: 00:00:00
----------------------------------------------------------

6/11 Testing: PrimeTest.HandlesOneInput
6/11 Test: PrimeTest.HandlesOneInput
Command: "/home/seungyeon/CONCURRENT_PROGRAMING/2022_ite4065_2019082851/project2/db_project/build/bin/db_test" "--gtest_filter=PrimeTest.HandlesOneInput" "--gtest_also_run_disabled_tests"
Directory: /home/seungyeon/CONCURRENT_PROGRAMING/2022_ite4065_2019082851/project2/db_project/build/test
"PrimeTest.HandlesOneInput" start time: Oct 05 12:51 KST
Output:
----------------------------------------------------------
Running main() from /home/seungyeon/CONCURRENT_PROGRAMING/2022_ite4065_2019082851/project2/db_project/build/_deps/googletest-src/googletest/src/gtest_main.cc
Note: Google Test filter = PrimeTest.HandlesOneInput
[==========] Running 1 test from 1 test suite.
[----------] Global test environment set-up.
[----------] 1 test from PrimeTest
[ RUN      ] PrimeTest.HandlesOneInput
[       OK ] PrimeTest.HandlesOneInput (0 ms)
[----------] 1 test from PrimeTest (0 ms total)

[----------] Global test environment tear-down
[==========] 1 test from 1 test suite ran. (3 ms total)
[  PASSED  ] 1 test.
<end of output>
Test time =   0.01 sec
----------------------------------------------------------
Test Passed.
"PrimeTest.HandlesOneInput" end time: Oct 05 12:51 KST
"PrimeTest.HandlesOneInput" time elapsed: 00:00:00
----------------------------------------------------------

7/11 Testing: PrimeTest.HandlesPositiveInput
7/11 Test: PrimeTest.HandlesPositiveInput
Command: "/home/seungyeon/CONCURRENT_PROGRAMING/2022_ite4065_2019082851/project2/db_project/build/bin/db_test" "--gtest_filter=PrimeTest.HandlesPositiveInput" "--gtest_also_run_disabled_tests"
Directory: /home/seungyeon/CONCURRENT_PROGRAMING/2022_ite4065_2019082851/project2/db_project/build/test
"PrimeTest.HandlesPositiveInput" start time: Oct 05 12:51 KST
Output:
----------------------------------------------------------
Running main() from /home/seungyeon/CONCURRENT_PROGRAMING/2022_ite4065_2019082851/project2/db_project/build/_deps/googletest-src/googletest/src/gtest_main.cc
Note: Google Test filter = PrimeTest.HandlesPositiveInput
[==========] Running 1 test from 1 test suite.
[----------] Global test environment set-up.
[----------] 1 test from PrimeTest
[ RUN      ] PrimeTest.HandlesPositiveInput
[       OK ] PrimeTest.HandlesPositiveInput (0 ms)
[----------] 1 test from PrimeTest (0 ms total)

[----------] Global test environment tear-down
[==========] 1 test from 1 test suite ran. (4 ms total)
[  PASSED  ] 1 test.
<end of output>
Test time =   0.01 sec
----------------------------------------------------------
Test Passed.
"PrimeTest.HandlesPositiveInput" end time: Oct 05 12:51 KST
"PrimeTest.HandlesPositiveInput" time elapsed: 00:00:00
----------------------------------------------------------

8/11 Testing: VectorTest.HasSameContent
8/11 Test: VectorTest.HasSameContent
Command: "/home/seungyeon/CONCURRENT_PROGRAMING/2022_ite4065_2019082851/project2/db_project/build/bin/db_test" "--gtest_filter=VectorTest.HasSameContent" "--gtest_also_run_disabled_tests"
Directory: /home/seungyeon/CONCURRENT_PROGRAMING/2022_ite4065_2019082851/project2/db_project/build/test
"VectorTest.HasSameContent" start time: Oct 05 12:51 KST
Output:
----------------------------------------------------------
Running main() from /home/seungyeon/CONCURRENT_PROGRAMING/2022_ite4065_2019082851/project2/db_project/build/_deps/googletest-src/googletest/src/gtest_main.cc
Note: Google Test filter = VectorTest.HasSameContent
[==========] Running 1 test from 1 test suite.
[----------] Global test environment set-up.
[----------] 1 test from VectorTest
[ RUN      ] VectorTest.HasSameContent
[       OK ] VectorTest.HasSameContent (0 ms)
[----------] 1 test from VectorTest (0 ms total)

[----------] Global test environment tear-down
[==========] 1 test from 1 test suite ran. (0 ms total)
[  PASSED  ] 1 test.
<end of output>
Test time =   0.00 sec
----------------------------------------------------------
Test Passed.
"VectorTest.HasSameContent" end time: Oct 05 12:51 KST
"VectorTest.HasSameContent" time elapsed: 00:00:00
----------------------------------------------------------

9/11 Testing: IntVectorTest.HasSameContent
9/11 Test: IntVectorTest.HasSameContent
Command: "/home/seungyeon/CONCURRENT_PROGRAMING/2022_ite4065_2019082851/project2/db_project/build/bin/db_test" "--gtest_filter=IntVectorTest.HasSameContent" "--gtest_also_run_disabled_tests"
Directory: /home/seungyeon/CONCURRENT_PROGRAMING/2022_ite4065_2019082851/project2/db_project/build/test
"IntVectorTest.HasSameContent" start time: Oct 05 12:51 KST
Output:
----------------------------------------------------------
Running main() from /home/seungyeon/CONCURRENT_PROGRAMING/2022_ite4065_2019082851/project2/db_project/build/_deps/googletest-src/googletest/src/gtest_main.cc
Note: Google Test filter = IntVectorTest.HasSameContent
[==========] Running 1 test from 1 test suite.
[----------] Global test environment set-up.
[----------] 1 test from IntVectorTest
[ RUN      ] IntVectorTest.HasSameContent
[       OK ] IntVectorTest.HasSameContent (0 ms)
[----------] 1 test from IntVectorTest (0 ms total)

[----------] Global test environment tear-down
[==========] 1 test from 1 test suite ran. (0 ms total)
[  PASSED  ] 1 test.
<end of output>
Test time =   0.00 sec
----------------------------------------------------------
Test Passed.
"IntVectorTest.HasSameContent" end time: Oct 05 12:51 KST
"IntVectorTest.HasSameContent" time elapsed: 00:00:00
----------------------------------------------------------

10/11 Testing: IntVectorTest.IsNotEmptyInitialily
10/11 Test: IntVectorTest.IsNotEmptyInitialily
Command: "/home/seungyeon/CONCURRENT_PROGRAMING/2022_ite4065_2019082851/project2/db_project/build/bin/db_test" "--gtest_filter=IntVectorTest.IsNotEmptyInitialily" "--gtest_also_run_disabled_tests"
Directory: /home/seungyeon/CONCURRENT_PROGRAMING/2022_ite4065_2019082851/project2/db_project/build/test
"IntVectorTest.IsNotEmptyInitialily" start time: Oct 05 12:51 KST
Output:
----------------------------------------------------------
Running main() from /home/seungyeon/CONCURRENT_PROGRAMING/2022_ite4065_2019082851/project2/db_project/build/_deps/googletest-src/googletest/src/gtest_main.cc
Note: Google Test filter = IntVectorTest.IsNotEmptyInitialily
[==========] Running 1 test from 1 test suite.
[----------] Global test environment set-up.
[----------] 1 test from IntVectorTest
[ RUN      ] IntVectorTest.IsNotEmptyInitialily
[       OK ] IntVectorTest.IsNotEmptyInitialily (0 ms)
[----------] 1 test from IntVectorTest (0 ms total)

[----------] Global test environment tear-down
[==========] 1 test from 1 test suite ran. (0 ms total)
[  PASSED  ] 1 test.
<end of output>
Test time =   0.00 sec
----------------------------------------------------------
Test Passed.
"IntVectorTest.IsNotEmptyInitialily" end time: Oct 05 12:51 KST
"IntVectorTest.IsNotEmptyInitialily" time elapsed: 00:00:00
----------------------------------------------------------

11/11 Testing: atomic_snapshot_Test.atomic_snap_shot_Initialization
11/11 Test: atomic_snapshot_Test.atomic_snap_shot_Initialization
Command: "/home/seungyeon/CONCURRENT_PROGRAMING/2022_ite4065_2019082851/project2/db_project/build/bin/db_test" "--gtest_filter=atomic_snapshot_Test.atomic_snap_shot_Initialization" "--gtest_also_run_disabled_tests"
Directory: /home/seungyeon/CONCURRENT_PROGRAMING/2022_ite4065_2019082851/project2/db_project/build/test
"atomic_snapshot_Test.atomic_snap_shot_Initialization" start time: Oct 05 12:51 KST
Output:
----------------------------------------------------------
Running main() from /home/seungyeon/CONCURRENT_PROGRAMING/2022_ite4065_2019082851/project2/db_project/build/_deps/googletest-src/googletest/src/gtest_main.cc
Note: Google Test filter = atomic_snapshot_Test.atomic_snap_shot_Initialization
[==========] Running 1 test from 1 test suite.
[----------] Global test environment set-up.
[----------] 1 test from atomic_snapshot_Test
[ RUN      ] atomic_snapshot_Test.atomic_snap_shot_Initialization
thread0 140040252155648: local count -> 100000000
thread1 140040243762944: local count -> 100000000
thread2 140040235370240: local count -> 100000000
thread3 140040226977536: local count -> 100000000
thread4 140040218584832: local count -> 100000000
thread5 140040210192128: local count -> 100000000
thread6 140040201799424: local count -> 100000000
thread7 140040193406720: local count -> 100000000
thread8 140040185014016: local count -> 100000000
thread9 140040176621312: local count -> 100000000
thread10 140040168228608: local count -> 100000000
thread11 140040159835904: local count -> 100000000
thread12 140040151443200: local count -> 100000000
thread13 140040143050496: local count -> 100000000
thread14 140040134657792: local count -> 100000000
thread15 140040126265088: local count -> 100000000
thread16 140040117872384: local count -> 100000000
thread17 140040109479680: local count -> 100000000
thread18 140040101086976: local count -> 100000000
thread19 140040092694272: local count -> 100000000
thread20 140040084301568: local count -> 100000000
thread21 140040075908864: local count -> 100000000
thread22 140040067516160: local count -> 100000000
thread23 140040059123456: local count -> 100000000
thread24 140040050730752: local count -> 100000000
thread25 140040042338048: local count -> 100000000
thread26 140040033945344: local count -> 100000000
thread27 140040025552640: local count -> 100000000
thread28 140040017159936: local count -> 100000000
thread29 140040008767232: local count -> 100000000
thread30 140040000374528: local count -> 100000000
thread31 140039991981824: local count -> 100000000
thread32 140039983589120: local count -> 100000000
thread33 140039975196416: local count -> 100000000
thread34 140039966803712: local count -> 100000000
thread35 140039958411008: local count -> 100000000
thread36 140039950018304: local count -> 100000000
thread37 140039941625600: local count -> 100000000
thread38 140039933232896: local count -> 100000000
thread39 140039924840192: local count -> 100000000
thread40 140039916447488: local count -> 100000000
thread41 140039908054784: local count -> 100000000
thread42 140039899662080: local count -> 100000000
thread43 140039891269376: local count -> 100000000
thread44 140039882876672: local count -> 100000000
thread45 140039874483968: local count -> 100000000
thread46 140039866091264: local count -> 100000000
thread47 140039857698560: local count -> 100000000
thread48 140039849305856: local count -> 100000000
thread49 140039840913152: local count -> 100000000
thread50 140039832520448: local count -> 100000000
thread51 140039824127744: local count -> 100000000
thread52 140039815735040: local count -> 100000000
thread53 140039807342336: local count -> 100000000
thread54 140039798949632: local count -> 100000000
thread55 140039790556928: local count -> 100000000
thread56 140039782164224: local count -> 100000000
thread57 140039773771520: local count -> 100000000
thread58 140039765378816: local count -> 100000000
thread59 140039756986112: local count -> 100000000
thread60 140039748593408: local count -> 100000000
thread61 140039740200704: local count -> 100000000
thread62 140039731808000: local count -> 100000000
thread63 140039723415296: local count -> 100000000
thread64 140039715022592: local count -> 100000000
thread65 140039706629888: local count -> 100000000
thread66 140039698237184: local count -> 100000000
thread67 140039689844480: local count -> 100000000
thread68 140039681451776: local count -> 100000000
thread69 140039673059072: local count -> 100000000
thread70 140039664666368: local count -> 100000000
thread71 140039656273664: local count -> 100000000
thread72 140039647880960: local count -> 100000000
thread73 140039639488256: local count -> 100000000
thread74 140039631095552: local count -> 100000000
thread75 140039622702848: local count -> 100000000
thread76 140039614310144: local count -> 100000000
thread77 140039605917440: local count -> 100000000
thread78 140039597524736: local count -> 100000000
thread79 140039589132032: local count -> 100000000
thread80 140039580739328: local count -> 100000000
thread81 140039572346624: local count -> 100000000
thread82 140039563953920: local count -> 100000000
thread83 140039555561216: local count -> 100000000
thread84 140039547168512: local count -> 100000000
thread85 140039538775808: local count -> 100000000
thread86 140039530383104: local count -> 100000000
thread87 140039521990400: local count -> 100000000
thread88 140039513597696: local count -> 100000000
thread89 140039505204992: local count -> 100000000
thread90 140039496812288: local count -> 100000000
thread91 140039488419584: local count -> 100000000
thread92 140039480026880: local count -> 100000000
thread93 140039471634176: local count -> 100000000
thread94 140039463241472: local count -> 100000000
thread95 140039454848768: local count -> 100000000
thread96 140039446456064: local count -> 100000000
thread97 140039438063360: local count -> 100000000
thread98 140039429670656: local count -> 100000000
thread99 140039421277952: local count -> 100000000
[       OK ] atomic_snapshot_Test.atomic_snap_shot_Initialization (18906 ms)
[----------] 1 test from atomic_snapshot_Test (18906 ms total)

[----------] Global test environment tear-down
[==========] 1 test from 1 test suite ran. (18906 ms total)
[  PASSED  ] 1 test.
<end of output>
Test time =  18.91 sec
----------------------------------------------------------
Test Passed.
"atomic_snapshot_Test.atomic_snap_shot_Initialization" end time: Oct 05 12:52 KST
"atomic_snapshot_Test.atomic_snap_shot_Initialization" time elapsed: 00:00:18
----------------------------------------------------------

End testing: Oct 05 12:52 KST
